<?xml version="1.0" encoding="UTF-8"?>
<!-- Generated by org.testng.reporters.JUnitReportReporter -->
<testsuite hostname="DESKTOP-SUJS60A" name="com.test.featurespics.FeaturesPicsTest" tests="1" failures="0" timestamp="7 Jun 2018 20:11:07 GMT" time="27.249" errors="0">
  <testcase name="featuresPicsTest" time="27.249" classname="com.test.featurespics.FeaturesPicsTest"/>
</testsuite> <!-- com.test.featurespics.FeaturesPicsTest -->
