<?xml version="1.0" encoding="UTF-8"?>
<!-- Generated by org.testng.reporters.JUnitReportReporter -->
<testsuite hostname="DESKTOP-SUJS60A" name="com.runners.HeaderLinksRunner" tests="1" failures="0" timestamp="7 Jun 2018 21:04:24 GMT" time="54.290" errors="0">
  <testcase name="feature" time="54.290" classname="com.runners.HeaderLinksRunner"/>
</testsuite> <!-- com.runners.HeaderLinksRunner -->
