<?xml version="1.0" encoding="UTF-8"?>
<!-- Generated by org.testng.reporters.JUnitReportReporter -->
<testsuite hostname="DESKTOP-SUJS60A" name="com.runners.LoginRuner" tests="1" failures="0" timestamp="8 Jun 2018 20:49:59 GMT" time="169.070" errors="0">
  <testcase name="feature" time="169.070" classname="com.runners.LoginRuner"/>
</testsuite> <!-- com.runners.LoginRuner -->
