<?xml version="1.0" encoding="UTF-8"?>
<!-- Generated by org.testng.reporters.JUnitReportReporter -->
<testsuite hostname="DESKTOP-SUJS60A" name="com.runners.LogoLinkRunner" tests="1" failures="0" timestamp="8 Jun 2018 00:48:58 GMT" time="78.371" errors="0">
  <testcase name="feature" time="78.371" classname="com.runners.LogoLinkRunner"/>
</testsuite> <!-- com.runners.LogoLinkRunner -->
