<?xml version="1.0" encoding="UTF-8"?>
<!-- Generated by org.testng.reporters.JUnitReportReporter -->
<testsuite hostname="Naz" name="com.runners.LoginRuner" tests="1" failures="0" timestamp="8 Jun 2018 19:07:11 GMT" time="66.581" errors="0">
  <testcase name="feature" time="66.581" classname="com.runners.LoginRuner"/>
</testsuite> <!-- com.runners.LoginRuner -->
