<?xml version="1.0" encoding="UTF-8"?>
<!-- Generated by org.testng.reporters.JUnitReportReporter -->
<testsuite hostname="GpSonu" name="com.test.languagelinks.LanguageLinksTest" tests="5" failures="0" timestamp="5 Jun 2018 20:45:42 GMT" time="57.159" errors="0">
  <testcase name="russianLinkTest" time="10.888" classname="com.test.languagelinks.LanguageLinksTest"/>
  <testcase name="englishLinkTest" time="11.353" classname="com.test.languagelinks.LanguageLinksTest"/>
  <testcase name="spanishLinkTest" time="11.993" classname="com.test.languagelinks.LanguageLinksTest"/>
  <testcase name="taiwanLinkTest" time="11.434" classname="com.test.languagelinks.LanguageLinksTest"/>
  <testcase name="arabicLinkTest" time="11.491" classname="com.test.languagelinks.LanguageLinksTest"/>
</testsuite> <!-- com.test.languagelinks.LanguageLinksTest -->
