<?xml version="1.0" encoding="UTF-8"?>
<!-- Generated by org.testng.reporters.JUnitReportReporter -->
<testsuite hostname="DESKTOP-SUJS60A" name="com.test.headerlinks.HeaderLinksTest" tests="1" failures="0" timestamp="5 Jun 2018 02:31:40 GMT" time="16.385" errors="0">
  <testcase name="homeLinkTest" time="16.385" classname="com.test.headerlinks.HeaderLinksTest"/>
</testsuite> <!-- com.test.headerlinks.HeaderLinksTest -->
