<?xml version="1.0" encoding="UTF-8"?>
<!-- Generated by org.testng.reporters.JUnitReportReporter -->
<testsuite hostname="DESKTOP-SUJS60A" name="com.runners.FeaturesPicsArrowsRunner" tests="1" failures="0" timestamp="8 Jun 2018 05:33:41 GMT" time="27.759" errors="0">
  <testcase name="feature" time="27.759" classname="com.runners.FeaturesPicsArrowsRunner"/>
</testsuite> <!-- com.runners.FeaturesPicsArrowsRunner -->
