<?xml version="1.0" encoding="UTF-8"?>
<!-- Generated by org.testng.reporters.JUnitReportReporter -->
<<<<<<< HEAD
<testsuite hostname="DESKTOP-SUJS60A" name="com.runners.LoginRuner" tests="1" failures="0" timestamp="8 Jun 2018 20:49:59 GMT" time="169.070" errors="0">
  <testcase name="feature" time="169.070" classname="com.runners.LoginRuner"/>
=======
<testsuite hostname="Naz" name="com.runners.LoginRuner" tests="1" failures="0" timestamp="8 Jun 2018 19:07:11 GMT" time="66.581" errors="0">
  <testcase name="feature" time="66.581" classname="com.runners.LoginRuner"/>
>>>>>>> branch 'master' of https://github.com/gpsonu/ZFighterZ.git
</testsuite> <!-- com.runners.LoginRuner -->
