<?xml version="1.0" encoding="UTF-8"?>
<!-- Generated by org.testng.reporters.JUnitReportReporter -->
<testsuite hostname="DESKTOP-SUJS60A" name="com.tests.features.FeaturesTest" tests="1" failures="0" timestamp="4 Jun 2018 23:39:01 GMT" time="24.725" errors="0">
  <testcase name="featureTest1" time="24.725" classname="com.tests.features.FeaturesTest"/>
</testsuite> <!-- com.tests.features.FeaturesTest -->
