<?xml version="1.0" encoding="UTF-8"?>
<!-- Generated by org.testng.reporters.JUnitReportReporter -->
<testsuite hostname="GpSonu" name="com.runners.FeaturesPicsArrowsRunner" tests="1" failures="0" timestamp="21 Jun 2018 20:51:11 GMT" time="40.187" errors="0">
  <testcase name="feature" time="40.187" classname="com.runners.FeaturesPicsArrowsRunner"/>
</testsuite> <!-- com.runners.FeaturesPicsArrowsRunner -->
