<?xml version="1.0" encoding="UTF-8"?>
<!-- Generated by org.testng.reporters.JUnitReportReporter -->
<testsuite hostname="DESKTOP-SUJS60A" name="com.runners.LoginRuner" tests="1" failures="0" timestamp="7 Jun 2018 22:28:22 GMT" time="63.650" errors="0">
  <testcase name="feature" time="63.650" classname="com.runners.LoginRuner"/>
</testsuite> <!-- com.runners.LoginRuner -->
