<?xml version="1.0" encoding="UTF-8"?>
<!-- Generated by org.testng.reporters.JUnitReportReporter -->
<testsuite hostname="DESKTOP-SUJS60A" name="com.test.links.LinksTest" tests="1" failures="0" timestamp="5 Jun 2018 01:44:21 GMT" time="24.563" errors="0">
  <testcase name="homeLinkTest" time="24.563" classname="com.test.links.LinksTest"/>
</testsuite> <!-- com.test.links.LinksTest -->
