<?xml version="1.0" encoding="UTF-8"?>
<!-- Generated by org.testng.reporters.JUnitReportReporter -->
<testsuite hostname="DESKTOP-SUJS60A" name="com.runners.LanguageLinksRunner" tests="1" failures="0" timestamp="8 Jun 2018 01:33:11 GMT" time="71.216" errors="0">
  <testcase name="feature" time="71.216" classname="com.runners.LanguageLinksRunner"/>
</testsuite> <!-- com.runners.LanguageLinksRunner -->
