<?xml version="1.0" encoding="UTF-8"?>
<!-- Generated by org.testng.reporters.JUnitReportReporter -->
<testsuite hostname="DESKTOP-SUJS60A" name="com.runners.FeaturesPicsRunner" tests="1" failures="0" timestamp="8 Jun 2018 04:49:31 GMT" time="29.069" errors="0">
  <testcase name="feature" time="29.069" classname="com.runners.FeaturesPicsRunner"/>
</testsuite> <!-- com.runners.FeaturesPicsRunner -->
