<?xml version="1.0" encoding="UTF-8"?>
<!-- Generated by org.testng.reporters.JUnitReportReporter -->
<testsuite hostname="GpSonu" name="com.test.headerlinks.HeaderLinksTest" tests="2" failures="0" timestamp="5 Jun 2018 18:59:24 GMT" time="26.099" errors="0">
  <testcase name="customerLinkTest" time="11.247" classname="com.test.headerlinks.HeaderLinksTest"/>
  <testcase name="homeLinkTest" time="14.852" classname="com.test.headerlinks.HeaderLinksTest"/>
</testsuite> <!-- com.test.headerlinks.HeaderLinksTest -->
