<?xml version="1.0" encoding="UTF-8"?>
<!-- Generated by org.testng.reporters.JUnitReportReporter -->
<testsuite hostname="DESKTOP-SUJS60A" name="com.test.features.FeaturesTest" tests="1" failures="0" timestamp="2 Jun 2018 23:40:25 GMT" time="18.837" errors="0">
  <testcase name="featureTest1" time="18.837" classname="com.test.features.FeaturesTest"/>
</testsuite> <!-- com.test.features.FeaturesTest -->
