<?xml version="1.0" encoding="UTF-8"?>
<!-- Generated by org.testng.reporters.JUnitReportReporter -->
<testsuite hostname="Naz" name="com.runners.LanguageLinksRunner" tests="1" failures="0" timestamp="11 Jun 2018 19:24:46 GMT" time="218.222" errors="0">
  <testcase name="feature" time="218.222" classname="com.runners.LanguageLinksRunner"/>
</testsuite> <!-- com.runners.LanguageLinksRunner -->
