<?xml version="1.0" encoding="UTF-8"?>
<!-- Generated by org.testng.reporters.JUnitReportReporter -->
<testsuite hostname="DESKTOP-SUJS60A" name="com.test.languagelinks.LanguageLinksTest" tests="3" failures="0" timestamp="5 Jun 2018 04:14:21 GMT" time="47.362" errors="0">
  <testcase name="spanishLinkTest" time="15.452" classname="com.test.languagelinks.LanguageLinksTest"/>
  <testcase name="russianLinkTest" time="14.937" classname="com.test.languagelinks.LanguageLinksTest"/>
  <testcase name="englishLinkTest" time="16.973" classname="com.test.languagelinks.LanguageLinksTest"/>
</testsuite> <!-- com.test.languagelinks.LanguageLinksTest -->
