<?xml version="1.0" encoding="UTF-8"?>
<!-- Generated by org.testng.reporters.JUnitReportReporter -->
<testsuite hostname="GpSonu" name="com.runners.LoginRunner" tests="1" failures="0" timestamp="21 Jun 2018 20:51:11 GMT" time="99.705" errors="0">
  <testcase name="feature" time="99.705" classname="com.runners.LoginRunner"/>
</testsuite> <!-- com.runners.LoginRunner -->
