<?xml version="1.0" encoding="UTF-8"?>
<!-- Generated by org.testng.reporters.JUnitReportReporter -->
<testsuite hostname="DESKTOP-SUJS60A" name="com.test.headerlinks.HeaderLinksTest" tests="2" failures="0" timestamp="5 Jun 2018 19:11:55 GMT" time="24.492" errors="0">
  <testcase name="homeLinkTest" time="13.642" classname="com.test.headerlinks.HeaderLinksTest"/>
  <testcase name="customerLinkTest" time="10.850" classname="com.test.headerlinks.HeaderLinksTest"/>
</testsuite> <!-- com.test.headerlinks.HeaderLinksTest -->
