<?xml version="1.0" encoding="UTF-8"?>
<!-- Generated by org.testng.reporters.JUnitReportReporter -->
<testsuite hostname="DESKTOP-SUJS60A" name="com.login.test.LoginTest" tests="1" failures="0" timestamp="2 Jun 2018 22:14:22 GMT" time="17.756" errors="0">
  <testcase name="loginTest2p1" time="17.756" classname="com.login.test.LoginTest"/>
</testsuite> <!-- com.login.test.LoginTest -->
