<?xml version="1.0" encoding="UTF-8"?>
<!-- Generated by org.testng.reporters.JUnitReportReporter -->
<testsuite hostname="DESKTOP-SUJS60A" name="com.test.languagelinks.LanguageLinksTest" tests="3" failures="0" timestamp="5 Jun 2018 05:45:57 GMT" time="41.236" errors="0">
  <testcase name="russianLinkTest" time="13.317" classname="com.test.languagelinks.LanguageLinksTest"/>
  <testcase name="englishLinkTest" time="14.359" classname="com.test.languagelinks.LanguageLinksTest"/>
  <testcase name="spanishLinkTest" time="13.560" classname="com.test.languagelinks.LanguageLinksTest"/>
</testsuite> <!-- com.test.languagelinks.LanguageLinksTest -->
