<?xml version="1.0" encoding="UTF-8"?>
<!-- Generated by org.testng.reporters.JUnitReportReporter -->
<testsuite hostname="DESKTOP-SUJS60A" name="com.runners.HeaderLinksRunner" tests="1" failures="0" timestamp="5 Jun 2018 23:04:56 GMT" time="9.406" errors="0">
  <testcase name="feature" time="9.406" classname="com.runners.HeaderLinksRunner"/>
</testsuite> <!-- com.runners.HeaderLinksRunner -->
